PRT1
41
69
4 0 13 (2080 -4864 6784 ) (2952 -4864 6784 ) (2952 -4976 6784 ) (2080 -4976 6784 ) 
4 0 7 (2958 -4896 6784 ) (2958 -4960 6784 ) (2952 -4960 6784 ) (2952 -4896 6784 ) 
4 0 6 (2952 -4864 6784 ) (2958 -4864 6784 ) (2958 -4896 6784 ) (2952 -4896 6784 ) 
4 0 8 (2958 -4960 6784 ) (2958 -4976 6784 ) (2952 -4976 6784 ) (2952 -4960 6784 ) 
4 0 5 (2958 -4864 6784 ) (2960 -4864 6784 ) (2960 -4976 6784 ) (2958 -4976 6784 ) 
4 0 1 (2320 -4976 6784 ) (2832 -4976 6784 ) (2832 -4976 6848 ) (2320 -4976 6848 ) 
4 1 14 (2320 -4976 6784 ) (2832 -4976 6784 ) (2832 -4992 6784 ) (2320 -4992 6784 ) 
4 1 2 (2320 -4992 6784 ) (2832 -4992 6784 ) (2832 -4992 6848 ) (2320 -4992 6848 ) 
4 2 27 (2960 -5120 6912 ) (2320 -5120 6912 ) (2320 -5120 6784 ) (2960 -5120 6784 ) 
4 2 22 (2320 -5056 6784 ) (2320 -4992 6784 ) (2960 -4992 6784 ) (2960 -5056 6784 ) 
4 2 24 (2960 -5120 6784 ) (2320 -5120 6784 ) (2320 -5056 6784 ) (2960 -5056 6784 ) 
4 3 4 (2968 -4888 6656 ) (2968 -4968 6656 ) (2968 -4968 6784 ) (2968 -4888 6784 ) 
4 4 9 (2960 -4888 6656 ) (2960 -4968 6656 ) (2960 -4968 6768 ) (2960 -4888 6768 ) 
4 4 5 (2960 -4968 6768 ) (2960 -4968 6784 ) (2960 -4888 6784 ) (2960 -4888 6768 ) 
4 5 9 (2958 -4864 6768 ) (2960 -4864 6768 ) (2960 -4976 6768 ) (2958 -4976 6768 ) 
4 5 7 (2958 -4960 6769 ) (2958 -4960 6784 ) (2958 -4896 6784 ) (2958 -4896 6769 ) 
4 5 6 (2958 -4864 6784 ) (2958 -4864 6768 ) (2958 -4896 6768 ) (2958 -4896 6784 ) 
4 5 8 (2958 -4960 6768 ) (2958 -4976 6768 ) (2958 -4976 6784 ) (2958 -4960 6784 ) 
4 6 13 (2952 -4864 6784 ) (2952 -4864 6768 ) (2952 -4896 6768 ) (2952 -4896 6784 ) 
4 6 10 (2952 -4896 6768 ) (2952 -4864 6768 ) (2958 -4864 6768 ) (2958 -4896 6768 ) 
4 6 7 (2952 -4896 6784 ) (2952 -4896 6769 ) (2958 -4896 6769 ) (2958 -4896 6784 ) 
4 7 13 (2952 -4960 6769 ) (2952 -4960 6784 ) (2952 -4896 6784 ) (2952 -4896 6769 ) 
4 7 8 (2952 -4960 6784 ) (2952 -4960 6769 ) (2958 -4960 6769 ) (2958 -4960 6784 ) 
4 8 13 (2952 -4960 6768 ) (2952 -4976 6768 ) (2952 -4976 6784 ) (2952 -4960 6784 ) 
4 8 12 (2952 -4976 6768 ) (2952 -4960 6768 ) (2958 -4960 6768 ) (2958 -4976 6768 ) 
4 9 12 (2958 -4976 6656 ) (2958 -4976 6768 ) (2958 -4960 6768 ) (2958 -4960 6656 ) 
4 9 10 (2958 -4896 6768 ) (2958 -4864 6768 ) (2958 -4864 6656 ) (2958 -4896 6656 ) 
4 9 11 (2958 -4958 6768 ) (2958 -4898 6768 ) (2958 -4898 6656 ) (2958 -4958 6656 ) 
4 10 13 (2952 -4864 6768 ) (2952 -4864 6656 ) (2952 -4896 6656 ) (2952 -4896 6768 ) 
4 11 13 (2952 -4898 6656 ) (2952 -4958 6656 ) (2952 -4958 6768 ) (2952 -4898 6768 ) 
4 12 13 (2952 -4960 6656 ) (2952 -4976 6656 ) (2952 -4976 6768 ) (2952 -4960 6768 ) 
4 13 20 (2128 -4976 6656 ) (2160 -4976 6656 ) (2160 -4976 6784 ) (2128 -4976 6784 ) 
4 13 17 (2160 -4976 6656 ) (2224 -4976 6656 ) (2224 -4976 6784 ) (2160 -4976 6784 ) 
4 13 15 (2224 -4976 6656 ) (2256 -4976 6656 ) (2256 -4976 6784 ) (2224 -4976 6784 ) 
4 13 14 (2320 -4976 6656 ) (2832 -4976 6656 ) (2832 -4976 6784 ) (2320 -4976 6784 ) 
4 14 22 (2320 -4992 6656 ) (2832 -4992 6656 ) (2832 -4992 6784 ) (2320 -4992 6784 ) 
4 15 17 (2224 -4976 6784 ) (2224 -4976 6656 ) (2224 -4979 6656 ) (2224 -4979 6784 ) 
4 16 23 (2224 -4992 6656 ) (2256 -4992 6656 ) (2256 -4992 6784 ) (2224 -4992 6784 ) 
4 16 19 (2224 -4981 6656 ) (2224 -4992 6656 ) (2224 -4992 6784 ) (2224 -4981 6784 ) 
4 17 20 (2160 -4976 6784 ) (2160 -4976 6656 ) (2160 -4979 6656 ) (2160 -4979 6784 ) 
4 17 18 (2160 -4979 6769 ) (2160 -4979 6656 ) (2224 -4979 6656 ) (2224 -4979 6769 ) 
4 18 19 (2160 -4981 6769 ) (2160 -4981 6656 ) (2224 -4981 6656 ) (2224 -4981 6769 ) 
4 19 23 (2160 -4992 6656 ) (2224 -4992 6656 ) (2224 -4992 6784 ) (2160 -4992 6784 ) 
4 19 21 (2160 -4981 6656 ) (2160 -4992 6656 ) (2160 -4992 6784 ) (2160 -4981 6784 ) 
4 21 23 (2128 -4992 6656 ) (2160 -4992 6656 ) (2160 -4992 6784 ) (2128 -4992 6784 ) 
4 22 26 (2320 -4992 6656 ) (2832 -4992 6656 ) (2832 -5056 6656 ) (2320 -5056 6656 ) 
4 22 24 (2320 -5056 6656 ) (2960 -5056 6656 ) (2960 -5056 6784 ) (2320 -5056 6784 ) 
4 23 24 (2128 -5056 6656 ) (2256 -5056 6656 ) (2256 -5056 6784 ) (2128 -5056 6784 ) 
4 24 30 (2288 -5120 6784 ) (2064 -5120 6784 ) (2064 -5120 6656 ) (2288 -5120 6656 ) 
4 24 29 (2320 -5120 6784 ) (2288 -5120 6784 ) (2288 -5120 6656 ) (2320 -5120 6656 ) 
4 24 28 (2960 -5120 6784 ) (2320 -5120 6784 ) (2320 -5120 6656 ) (2960 -5120 6656 ) 
4 24 26 (2832 -5120 6656 ) (2320 -5120 6656 ) (2320 -5056 6656 ) (2832 -5056 6656 ) 
4 25 26 (2320 -4992 6640 ) (2320 -4992 6464 ) (2512 -4992 6464 ) (2512 -4992 6640 ) 
4 26 31 (2832 -5120 6656 ) (2320 -5120 6656 ) (2320 -5120 6208 ) (2832 -5120 6208 ) 
4 27 32 (2576 -5248 6848 ) (2576 -5248 6912 ) (2320 -5248 6912 ) (2320 -5248 6848 ) 
4 27 28 (2960 -5248 6784 ) (2320 -5248 6784 ) (2320 -5120 6784 ) (2960 -5120 6784 ) 
4 28 31 (2832 -5248 6656 ) (2320 -5248 6656 ) (2320 -5120 6656 ) (2832 -5120 6656 ) 
4 28 29 (2320 -5120 6656 ) (2320 -5184 6656 ) (2320 -5184 6784 ) (2320 -5120 6784 ) 
4 29 30 (2288 -5120 6656 ) (2288 -5184 6656 ) (2288 -5184 6784 ) (2288 -5120 6784 ) 
4 30 38 (2128 -5248 6656 ) (2160 -5248 6656 ) (2160 -5248 6784 ) (2128 -5248 6784 ) 
4 30 35 (2160 -5248 6656 ) (2224 -5248 6656 ) (2224 -5248 6784 ) (2160 -5248 6784 ) 
4 30 33 (2224 -5248 6656 ) (2256 -5248 6656 ) (2256 -5248 6784 ) (2224 -5248 6784 ) 
4 31 40 (2320 -5248 6640 ) (2320 -5248 6464 ) (2512 -5248 6464 ) (2512 -5248 6640 ) 
4 33 35 (2224 -5248 6656 ) (2224 -5258 6656 ) (2224 -5258 6784 ) (2224 -5248 6784 ) 
4 34 37 (2224 -5262 6656 ) (2224 -5264 6656 ) (2224 -5264 6784 ) (2224 -5262 6784 ) 
4 35 38 (2160 -5248 6656 ) (2160 -5258 6656 ) (2160 -5258 6784 ) (2160 -5248 6784 ) 
4 35 36 (2160 -5259 6769 ) (2160 -5259 6656 ) (2224 -5259 6656 ) (2224 -5259 6769 ) 
4 36 37 (2160 -5261 6769 ) (2160 -5261 6656 ) (2224 -5261 6656 ) (2224 -5261 6769 ) 
4 37 39 (2160 -5262 6656 ) (2160 -5264 6656 ) (2160 -5264 6784 ) (2160 -5262 6784 ) 
